<?xml version="1.0" encoding="UTF-8" ?>
<testsuite errors="0" failures="0" hostname="kenjiro-osx.local" name="com.gdsfeel.GdsFeelTest" tests="2" time="2.129" timestamp="2009-06-22T13:30:23">
  <properties>
[...]
</properties>
  <testcase classname="com.gdsfeel.GdsFeelTest" name="testPathToSmalltalkProject" time="1.031" />
  <testcase classname="com.gdsfeel.GdsFeelTest" name="testGetProjectFolder" time="0.034" />
  <system-out><![CDATA[pathToSmalltalkProject
getProjectFolder
]]></system-out>
  <system-err><![CDATA[]]></system-err>
</testsuite>
